<?xml version="1.0" encoding="UTF-8"?>
<!-- Generated by org.testng.reporters.JUnitReportReporter -->
<testsuite skipped="0" hostname="LAPTOP-DEFT9I3H" name="com.Urbanladder.test.UrbanladderInvalidTest" tests="12" failures="0" timestamp="2020-08-02T17:32:36 IST" time="41.365" errors="0">
  <testcase name="clickBookshelves1" time="3.392" classname="com.Urbanladder.test.UrbanladderInvalidTest"/>
  <system-out/>
  <testcase name="clickBookshelves1" time="3.615" classname="com.Urbanladder.test.UrbanladderInvalidTest"/>
  <system-out/>
  <testcase name="priceChoice1" time="1.341" classname="com.Urbanladder.test.UrbanladderInvalidTest"/>
  <system-out/>
  <testcase name="priceChoice1" time="1.314" classname="com.Urbanladder.test.UrbanladderInvalidTest"/>
  <system-out/>
  <testcase name="setRange1" time="4.492" classname="com.Urbanladder.test.UrbanladderInvalidTest"/>
  <system-out/>
  <testcase name="setRange1" time="4.068" classname="com.Urbanladder.test.UrbanladderInvalidTest"/>
  <system-out/>
  <testcase name="storageChoice1" time="2.475" classname="com.Urbanladder.test.UrbanladderInvalidTest"/>
  <system-out/>
  <testcase name="storageChoice1" time="2.776" classname="com.Urbanladder.test.UrbanladderInvalidTest"/>
  <system-out/>
  <testcase name="closedType" time="1.824" classname="com.Urbanladder.test.UrbanladderInvalidTest"/>
  <system-out/>
  <testcase name="closedType" time="2.524" classname="com.Urbanladder.test.UrbanladderInvalidTest"/>
  <system-out/>
  <testcase name="PopUp" time="6.451" classname="com.Urbanladder.test.UrbanladderInvalidTest"/>
  <system-out/>
  <testcase name="PopUp" time="7.093" classname="com.Urbanladder.test.UrbanladderInvalidTest"/>
  <system-out/>
</testsuite> <!-- com.Urbanladder.test.UrbanladderInvalidTest -->
