<?xml version="1.0" encoding="UTF-8"?>
<!-- Generated by org.testng.reporters.JUnitReportReporter -->
<testsuite skipped="0" hostname="LAPTOP-DEFT9I3H" name="com.Urbanladder.test.UrbanladderTest" tests="32" failures="0" timestamp="2020-08-02T17:32:36 IST" time="65.454" errors="0">
  <testcase name="titleVerify" time="0.031" classname="com.Urbanladder.test.UrbanladderTest"/>
  <system-out/>
  <testcase name="titleVerify" time="0.061" classname="com.Urbanladder.test.UrbanladderTest"/>
  <system-out/>
  <testcase name="clickBookshelves" time="3.556" classname="com.Urbanladder.test.UrbanladderTest"/>
  <system-out/>
  <testcase name="clickBookshelves" time="6.469" classname="com.Urbanladder.test.UrbanladderTest"/>
  <system-out/>
  <testcase name="priceChoice" time="1.331" classname="com.Urbanladder.test.UrbanladderTest"/>
  <system-out/>
  <testcase name="priceChoice" time="1.387" classname="com.Urbanladder.test.UrbanladderTest"/>
  <system-out/>
  <testcase name="setRange" time="5.391" classname="com.Urbanladder.test.UrbanladderTest"/>
  <system-out/>
  <testcase name="setRange" time="3.682" classname="com.Urbanladder.test.UrbanladderTest"/>
  <system-out/>
  <testcase name="storageChoice" time="3.250" classname="com.Urbanladder.test.UrbanladderTest"/>
  <system-out/>
  <testcase name="storageChoice" time="1.212" classname="com.Urbanladder.test.UrbanladderTest"/>
  <system-out/>
  <testcase name="checkStorageType" time="1.316" classname="com.Urbanladder.test.UrbanladderTest"/>
  <system-out/>
  <testcase name="checkStorageType" time="4.615" classname="com.Urbanladder.test.UrbanladderTest"/>
  <system-out/>
  <testcase name="includeStock" time="1.911" classname="com.Urbanladder.test.UrbanladderTest"/>
  <system-out/>
  <testcase name="includeStock" time="0.067" classname="com.Urbanladder.test.UrbanladderTest"/>
  <system-out/>
  <testcase name="filterChoice" time="1.418" classname="com.Urbanladder.test.UrbanladderTest"/>
  <system-out/>
  <testcase name="filterChoice" time="1.183" classname="com.Urbanladder.test.UrbanladderTest"/>
  <system-out/>
  <testcase name="sortBy" time="0.096" classname="com.Urbanladder.test.UrbanladderTest"/>
  <system-out/>
  <testcase name="sortBy" time="0.214" classname="com.Urbanladder.test.UrbanladderTest"/>
  <system-out/>
  <testcase name="PopUp" time="9.848" classname="com.Urbanladder.test.UrbanladderTest"/>
  <system-out/>
  <testcase name="PopUp" time="9.347" classname="com.Urbanladder.test.UrbanladderTest"/>
  <system-out/>
  <testcase name="writeExcel1" time="0.981" classname="com.Urbanladder.test.UrbanladderTest"/>
  <system-out/>
  <testcase name="writeExcel1" time="1.930" classname="com.Urbanladder.test.UrbanladderTest"/>
  <system-out/>
  <testcase name="studyChoice" time="0.215" classname="com.Urbanladder.test.UrbanladderTest"/>
  <system-out/>
  <testcase name="studyChoice" time="0.187" classname="com.Urbanladder.test.UrbanladderTest"/>
  <system-out/>
  <testcase name="studychair" time="1.542" classname="com.Urbanladder.test.UrbanladderTest"/>
  <system-out/>
  <testcase name="studychair" time="1.332" classname="com.Urbanladder.test.UrbanladderTest"/>
  <system-out/>
  <testcase name="filterChoice1" time="0.368" classname="com.Urbanladder.test.UrbanladderTest"/>
  <system-out/>
  <testcase name="filterChoice1" time="0.446" classname="com.Urbanladder.test.UrbanladderTest"/>
  <system-out/>
  <testcase name="sortBy1" time="0.102" classname="com.Urbanladder.test.UrbanladderTest"/>
  <system-out/>
  <testcase name="sortBy1" time="0.081" classname="com.Urbanladder.test.UrbanladderTest"/>
  <system-out/>
  <testcase name="writeExcel2" time="0.906" classname="com.Urbanladder.test.UrbanladderTest"/>
  <system-out/>
  <testcase name="writeExcel2" time="0.979" classname="com.Urbanladder.test.UrbanladderTest"/>
  <system-out/>
</testsuite> <!-- com.Urbanladder.test.UrbanladderTest -->
