<?xml version="1.0" encoding="UTF-8"?>
<!-- Generated by org.testng.reporters.JUnitReportReporter -->
<testsuite skipped="0" hostname="LAPTOP-DEFT9I3H" name="com.Urbanladder.test.UrbanladderTest" tests="11" failures="0" timestamp="2020-07-28T00:44:40 IST" time="27.338" errors="0">
  <testcase name="titleVerify" time="0.082" classname="com.Urbanladder.test.UrbanladderTest"/>
  <system-out/>
  <testcase name="clickBookshelves" time="5.401" classname="com.Urbanladder.test.UrbanladderTest"/>
  <system-out/>
  <testcase name="priceChoice" time="1.269" classname="com.Urbanladder.test.UrbanladderTest"/>
  <system-out/>
  <testcase name="setRange" time="3.625" classname="com.Urbanladder.test.UrbanladderTest"/>
  <system-out/>
  <testcase name="storageChoice" time="2.876" classname="com.Urbanladder.test.UrbanladderTest"/>
  <system-out/>
  <testcase name="checkStorageType" time="0.134" classname="com.Urbanladder.test.UrbanladderTest"/>
  <system-out/>
  <testcase name="includeStock" time="2.442" classname="com.Urbanladder.test.UrbanladderTest"/>
  <system-out/>
  <testcase name="filterChoice" time="1.234" classname="com.Urbanladder.test.UrbanladderTest"/>
  <system-out/>
  <testcase name="sortBy" time="0.136" classname="com.Urbanladder.test.UrbanladderTest"/>
  <system-out/>
  <testcase name="PopUp" time="8.491" classname="com.Urbanladder.test.UrbanladderTest"/>
  <system-out/>
  <testcase name="writeExcel" time="1.648" classname="com.Urbanladder.test.UrbanladderTest"/>
  <system-out/>
</testsuite> <!-- com.Urbanladder.test.UrbanladderTest -->
