<?xml version="1.0" encoding="UTF-8"?>
<!-- Generated by org.testng.reporters.JUnitReportReporter -->
<testsuite skipped="0" hostname="LAPTOP-DEFT9I3H" name="com.Urbanladder.test.UrbanladderTest" tests="11" failures="0" timestamp="2020-07-28T00:40:32 IST" time="28.171" errors="0">
  <testcase name="titleVerify" time="0.066" classname="com.Urbanladder.test.UrbanladderTest"/>
  <system-out/>
  <testcase name="clickBookshelves" time="6.703" classname="com.Urbanladder.test.UrbanladderTest"/>
  <system-out/>
  <testcase name="priceChoice" time="1.284" classname="com.Urbanladder.test.UrbanladderTest"/>
  <system-out/>
  <testcase name="setRange" time="3.636" classname="com.Urbanladder.test.UrbanladderTest"/>
  <system-out/>
  <testcase name="storageChoice" time="3.569" classname="com.Urbanladder.test.UrbanladderTest"/>
  <system-out/>
  <testcase name="checkStorageType" time="0.141" classname="com.Urbanladder.test.UrbanladderTest"/>
  <system-out/>
  <testcase name="includeStock" time="1.175" classname="com.Urbanladder.test.UrbanladderTest"/>
  <system-out/>
  <testcase name="filterChoice" time="0.391" classname="com.Urbanladder.test.UrbanladderTest"/>
  <system-out/>
  <testcase name="sortBy" time="0.112" classname="com.Urbanladder.test.UrbanladderTest"/>
  <system-out/>
  <testcase name="PopUp" time="9.516" classname="com.Urbanladder.test.UrbanladderTest"/>
  <system-out/>
  <testcase name="writeExcel" time="1.578" classname="com.Urbanladder.test.UrbanladderTest"/>
  <system-out/>
</testsuite> <!-- com.Urbanladder.test.UrbanladderTest -->
